<?xml version="1.0" encoding="UTF-8"?>
<testng-results ignored="0" total="2" passed="2" failed="0" skipped="0">
  <reporter-output>
  </reporter-output>
  <suite started-at="2026-08-19T10:01:12 EEST" name="Default suite" finished-at="2026-08-19T10:02:04 EEST" duration-ms="51457">
    <groups>
      <group name="DemoGroup">
        <method signature="EcommerceSmallTest.fillTheFirstPageTest(java.util.HashMap)[pri:0, instance:org.mellonStathis.testCases.android.EcommerceSmallTest@6f03482]" name="fillTheFirstPageTest" class="org.mellonStathis.testCases.android.EcommerceSmallTest"/>
      </group> <!-- DemoGroup -->
    </groups>
    <test started-at="2026-08-19T10:01:12 EEST" name="Default test" finished-at="2026-08-19T10:02:04 EEST" duration-ms="51457">
      <class name="org.mellonStathis.testCases.android.EcommerceSmallTest">
        <test-method is-config="true" signature="configureAppium()[pri:0, instance:org.mellonStathis.testCases.android.EcommerceSmallTest@6f03482]" started-at="2026-08-19T10:01:12 EEST" name="configureAppium" finished-at="2026-08-19T10:01:23 EEST" duration-ms="11129" status="PASS">
          <reporter-output>
          </reporter-output>
        </test-method> <!-- configureAppium -->
        <test-method is-config="true" signature="resetAppState()[pri:0, instance:org.mellonStathis.testCases.android.EcommerceSmallTest@6f03482]" started-at="2026-08-19T10:01:24 EEST" name="resetAppState" finished-at="2026-08-19T10:01:25 EEST" duration-ms="1099" status="PASS">
          <reporter-output>
          </reporter-output>
        </test-method> <!-- resetAppState -->
        <test-method signature="fillTheFirstPageTest(java.util.HashMap)[pri:0, instance:org.mellonStathis.testCases.android.EcommerceSmallTest@6f03482]" started-at="2026-08-19T10:01:25 EEST" name="fillTheFirstPageTest" data-provider="getData" finished-at="2026-08-19T10:01:45 EEST" duration-ms="20406" status="PASS">
          <params>
            <param index="0">
              <value>
                <![CDATA[{name=Stathis, country=Argentina, gender=male, products=Jordan 6 Rings,PG 3,Air Jordan 1 Mid SE}]]>
              </value>
            </param>
          </params>
          <reporter-output>
          </reporter-output>
        </test-method> <!-- fillTheFirstPageTest -->
        <test-method is-config="true" signature="resetAppState()[pri:0, instance:org.mellonStathis.testCases.android.EcommerceSmallTest@6f03482]" started-at="2026-08-19T10:01:45 EEST" name="resetAppState" finished-at="2026-08-19T10:01:46 EEST" duration-ms="846" status="PASS">
          <reporter-output>
          </reporter-output>
        </test-method> <!-- resetAppState -->
        <test-method signature="fillTheFirstPageTest(java.util.HashMap)[pri:0, instance:org.mellonStathis.testCases.android.EcommerceSmallTest@6f03482]" started-at="2026-08-19T10:01:46 EEST" name="fillTheFirstPageTest" data-provider="getData" finished-at="2026-08-19T10:02:02 EEST" duration-ms="16419" status="PASS">
          <params>
            <param index="0">
              <value>
                <![CDATA[{name=Elena, country=Argentina, gender=female, products=Air Jordan 1 Mid SE}]]>
              </value>
            </param>
          </params>
          <reporter-output>
          </reporter-output>
        </test-method> <!-- fillTheFirstPageTest -->
        <test-method is-config="true" signature="closeAppiumServer()[pri:0, instance:org.mellonStathis.testCases.android.EcommerceSmallTest@6f03482]" started-at="2026-08-19T10:02:02 EEST" name="closeAppiumServer" finished-at="2026-08-19T10:02:04 EEST" duration-ms="1329" status="PASS">
          <reporter-output>
          </reporter-output>
        </test-method> <!-- closeAppiumServer -->
      </class> <!-- org.mellonStathis.testCases.android.EcommerceSmallTest -->
    </test> <!-- Default test -->
  </suite> <!-- Default suite -->
</testng-results>
