<?xml version="1.0" encoding="UTF-8"?>
<!-- Generated by org.testng.reporters.JUnitReportReporter -->
<testsuite hostname="ITDEPT245N" failures="0" tests="2" name="org.mellonStathis.testCases.android.EcommerceSmallTest" time="38.770" errors="0" timestamp="2026-08-19T10:02:04 EEST" skipped="0">
  <testcase classname="org.mellonStathis.testCases.android.EcommerceSmallTest" name="fillTheFirstPageTest" time="17.518"/>
  <system-out/>
  <testcase classname="org.mellonStathis.testCases.android.EcommerceSmallTest" name="fillTheFirstPageTest" time="21.252"/>
  <system-out/>
</testsuite> <!-- org.mellonStathis.testCases.android.EcommerceSmallTest -->
