<?xml version="1.0" encoding="UTF-8"?>
<!-- Generated by org.testng.reporters.JUnitReportReporter -->
<testsuite hostname="ITDEPT245N" failures="0" tests="2" name="org.mellonStathis.AppiumFramework.EcommerceSmallTest" time="40.095" errors="0" timestamp="2026-08-02T01:52:47 EEST" skipped="0">
  <testcase classname="org.mellonStathis.AppiumFramework.EcommerceSmallTest" name="fillTheFirstPageTest" time="19.478"/>
  <system-out/>
  <testcase classname="org.mellonStathis.AppiumFramework.EcommerceSmallTest" name="fillTheFirstPageTest" time="20.617"/>
  <system-out/>
</testsuite> <!-- org.mellonStathis.AppiumFramework.EcommerceSmallTest -->
