<?xml version="1.0" encoding="UTF-8"?>
<!-- Generated by org.testng.reporters.JUnitReportReporter -->
<testsuite hostname="ITDEPT245N" failures="0" tests="1" name="org.mellonStathis.testCases.android.EcommerceAppFinalCheck" time="64.351" errors="0" timestamp="2026-08-04T14:31:25 EEST" skipped="0">
  <testcase classname="org.mellonStathis.testCases.android.EcommerceAppFinalCheck" name="testAllTheApp" time="64.351"/>
  <system-out/>
</testsuite> <!-- org.mellonStathis.testCases.android.EcommerceAppFinalCheck -->
