<?xml version="1.0" encoding="UTF-8"?>
<!-- Generated by org.testng.reporters.JUnitReportReporter -->
<testsuite hostname="ITDEPT245N" failures="0" tests="1" name="org.mellonStathis.AppiumFramework.EcommerceAppFinalCheck" time="32.422" errors="0" timestamp="2026-07-31T15:37:57 EEST" skipped="0">
  <testcase classname="org.mellonStathis.AppiumFramework.EcommerceAppFinalCheck" name="FillForm" time="32.422"/>
  <system-out/>
</testsuite> <!-- org.mellonStathis.AppiumFramework.EcommerceAppFinalCheck -->
