<?xml version="1.0" encoding="UTF-8"?>
<!-- Generated by org.testng.reporters.JUnitXMLReporter -->
<testsuite ignored="0" hostname="ITDEPT245N" failures="0" tests="2" name="SmallCheck" time="55.005" errors="0" timestamp="2026-08-04T14:30:05 EEST">
  <testcase classname="org.mellonStathis.testCases.android.EcommerceSmallTest" name="fillTheFirstPageTest" time="19.847"/>
  <testcase classname="org.mellonStathis.testCases.android.EcommerceSmallTest" name="fillTheFirstPageTest" time="18.01"/>
</testsuite> <!-- SmallCheck -->
