<?xml version="1.0" encoding="UTF-8"?>
<!-- Generated by org.testng.reporters.JUnitXMLReporter -->
<testsuite ignored="0" hostname="ITDEPT245N" failures="0" tests="2" name="Test" time="0.489" errors="0" timestamp="2026-07-31T14:05:35 EEST">
  <testcase classname="org.mellonStathis.AppiumFramework.BaseTest" name="@BeforeClass configureAppium" time="0.381">
    <failure type="org.openqa.selenium.SessionNotCreatedException" message="Could not start a new session. Possible causes are invalid address of the remote server or browser start-up failure. 
Host info: host: &amp;apos;ITDEPT245N&amp;apos;, ip: &amp;apos;10.17.32.87&amp;apos;
Build info: version: &amp;apos;4.28.0&amp;apos;, revision: &amp;apos;ac342546e9&amp;apos;
System info: os.name: &amp;apos;Windows 11&amp;apos;, os.arch: &amp;apos;amd64&amp;apos;, os.version: &amp;apos;10.0&amp;apos;, java.version: &amp;apos;21.0.11&amp;apos;
Driver info: io.appium.java_client.android.AndroidDriver
Command: [null, newSession {capabilities=[Capabilities {appium:app: C:\Users\e.athanasakos\ecli..., appium:automationName: UIAutomator2, appium:chromedriverExecutable: C:\Users\e.athanasakos\Down..., appium:deviceName: Pixel 4, platformName: ANDROID}]}]
Capabilities {appium:app: C:\Users\e.athanasakos\ecli..., appium:automationName: UIAutomator2, appium:chromedriverExecutable: C:\Users\e.athanasakos\Down..., appium:deviceName: Pixel 4, platformName: ANDROID}">
      <![CDATA[org.openqa.selenium.SessionNotCreatedException: Could not start a new session. Possible causes are invalid address of the remote server or browser start-up failure. 
Host info: host: 'ITDEPT245N', ip: '10.17.32.87'
Build info: version: '4.28.0', revision: 'ac342546e9'
System info: os.name: 'Windows 11', os.arch: 'amd64', os.version: '10.0', java.version: '21.0.11'
Driver info: io.appium.java_client.android.AndroidDriver
Command: [null, newSession {capabilities=[Capabilities {appium:app: C:\Users\e.athanasakos\ecli..., appium:automationName: UIAutomator2, appium:chromedriverExecutable: C:\Users\e.athanasakos\Down..., appium:deviceName: Pixel 4, platformName: ANDROID}]}]
Capabilities {appium:app: C:\Users\e.athanasakos\ecli..., appium:automationName: UIAutomator2, appium:chromedriverExecutable: C:\Users\e.athanasakos\Down..., appium:deviceName: Pixel 4, platformName: ANDROID}
at org.openqa.selenium.remote.RemoteWebDriver.execute(RemoteWebDriver.java:563)
at io.appium.java_client.AppiumDriver.startSession(AppiumDriver.java:313)
at org.openqa.selenium.remote.RemoteWebDriver.<init>(RemoteWebDriver.java:174)
at io.appium.java_client.AppiumDriver.<init>(AppiumDriver.java:101)
at io.appium.java_client.AppiumDriver.<init>(AppiumDriver.java:113)
at io.appium.java_client.android.AndroidDriver.<init>(AndroidDriver.java:109)
at org.mellonStathis.AppiumFramework.BaseTest.configureAppium(BaseTest.java:55)
at java.base/java.util.ArrayList.forEach(ArrayList.java:1596)
Caused by: java.io.UncheckedIOException: java.net.ConnectException
at org.openqa.selenium.remote.http.jdk.JdkHttpClient.execute0(JdkHttpClient.java:497)
at io.appium.java_client.internal.filters.AppiumIdempotencyFilter.lambda$apply$0(AppiumIdempotencyFilter.java:35)
at io.appium.java_client.internal.filters.AppiumUserAgentFilter.lambda$apply$0(AppiumUserAgentFilter.java:87)
at org.openqa.selenium.remote.http.Filter.lambda$andFinally$1(Filter.java:55)
at org.openqa.selenium.remote.http.jdk.JdkHttpClient.lambda$executeAsync$1(JdkHttpClient.java:384)
at java.base/java.util.concurrent.Executors$RunnableAdapter.call(Executors.java:572)
at java.base/java.util.concurrent.FutureTask.run(FutureTask.java:317)
at java.base/java.util.concurrent.ThreadPoolExecutor.runWorker(ThreadPoolExecutor.java:1144)
at java.base/java.util.concurrent.ThreadPoolExecutor$Worker.run(ThreadPoolExecutor.java:642)
at java.base/java.lang.Thread.run(Thread.java:1583)
Caused by: java.net.ConnectException
at java.net.http/jdk.internal.net.http.HttpClientImpl.send(HttpClientImpl.java:955)
at java.net.http/jdk.internal.net.http.HttpClientFacade.send(HttpClientFacade.java:133)
at org.openqa.selenium.remote.http.jdk.JdkHttpClient.execute0(JdkHttpClient.java:456)
... 9 more
Caused by: java.net.ConnectException
at java.net.http/jdk.internal.net.http.common.Utils.toConnectException(Utils.java:1065)
at java.net.http/jdk.internal.net.http.PlainHttpConnection.connectAsync(PlainHttpConnection.java:227)
at java.net.http/jdk.internal.net.http.PlainHttpConnection.checkRetryConnect(PlainHttpConnection.java:280)
at java.net.http/jdk.internal.net.http.PlainHttpConnection.lambda$connectAsync$2(PlainHttpConnection.java:238)
at java.base/java.util.concurrent.CompletableFuture.uniHandle(CompletableFuture.java:934)
at java.base/java.util.concurrent.CompletableFuture$UniHandle.tryFire(CompletableFuture.java:911)
at java.base/java.util.concurrent.CompletableFuture.postComplete(CompletableFuture.java:510)
at java.base/java.util.concurrent.CompletableFuture$AsyncSupply.run(CompletableFuture.java:1773)
... 3 more
Caused by: java.nio.channels.ClosedChannelException
at java.base/sun.nio.ch.SocketChannelImpl.ensureOpen(SocketChannelImpl.java:202)
at java.base/sun.nio.ch.SocketChannelImpl.beginConnect(SocketChannelImpl.java:786)
at java.base/sun.nio.ch.SocketChannelImpl.connect(SocketChannelImpl.java:874)
at java.net.http/jdk.internal.net.http.PlainHttpConnection.lambda$connectAsync$1(PlainHttpConnection.java:210)
at java.base/java.security.AccessController.doPrivileged(AccessController.java:571)
at java.net.http/jdk.internal.net.http.PlainHttpConnection.connectAsync(PlainHttpConnection.java:212)
... 9 more
... Removed 23 stack frames]]>
    </failure>
  </testcase> <!-- @BeforeClass configureAppium -->
  <testcase classname="org.mellonStathis.AppiumFramework.BaseTest" name="@AfterClass closeAppiumServer" time="0.0">
    <skipped/>
  </testcase> <!-- @AfterClass closeAppiumServer -->
  <testcase classname="org.mellonStathis.AppiumFramework.BaseTest" name="@BeforeClass configureAppium" time="0.014">
    <failure type="org.openqa.selenium.SessionNotCreatedException" message="Could not start a new session. Possible causes are invalid address of the remote server or browser start-up failure. 
Host info: host: &amp;apos;ITDEPT245N&amp;apos;, ip: &amp;apos;10.17.32.87&amp;apos;
Build info: version: &amp;apos;4.28.0&amp;apos;, revision: &amp;apos;ac342546e9&amp;apos;
System info: os.name: &amp;apos;Windows 11&amp;apos;, os.arch: &amp;apos;amd64&amp;apos;, os.version: &amp;apos;10.0&amp;apos;, java.version: &amp;apos;21.0.11&amp;apos;
Driver info: io.appium.java_client.android.AndroidDriver
Command: [null, newSession {capabilities=[Capabilities {appium:app: C:\Users\e.athanasakos\ecli..., appium:automationName: UIAutomator2, appium:chromedriverExecutable: C:\Users\e.athanasakos\Down..., appium:deviceName: Pixel 4, platformName: ANDROID}]}]
Capabilities {appium:app: C:\Users\e.athanasakos\ecli..., appium:automationName: UIAutomator2, appium:chromedriverExecutable: C:\Users\e.athanasakos\Down..., appium:deviceName: Pixel 4, platformName: ANDROID}">
      <![CDATA[org.openqa.selenium.SessionNotCreatedException: Could not start a new session. Possible causes are invalid address of the remote server or browser start-up failure. 
Host info: host: 'ITDEPT245N', ip: '10.17.32.87'
Build info: version: '4.28.0', revision: 'ac342546e9'
System info: os.name: 'Windows 11', os.arch: 'amd64', os.version: '10.0', java.version: '21.0.11'
Driver info: io.appium.java_client.android.AndroidDriver
Command: [null, newSession {capabilities=[Capabilities {appium:app: C:\Users\e.athanasakos\ecli..., appium:automationName: UIAutomator2, appium:chromedriverExecutable: C:\Users\e.athanasakos\Down..., appium:deviceName: Pixel 4, platformName: ANDROID}]}]
Capabilities {appium:app: C:\Users\e.athanasakos\ecli..., appium:automationName: UIAutomator2, appium:chromedriverExecutable: C:\Users\e.athanasakos\Down..., appium:deviceName: Pixel 4, platformName: ANDROID}
at org.openqa.selenium.remote.RemoteWebDriver.execute(RemoteWebDriver.java:563)
at io.appium.java_client.AppiumDriver.startSession(AppiumDriver.java:313)
at org.openqa.selenium.remote.RemoteWebDriver.<init>(RemoteWebDriver.java:174)
at io.appium.java_client.AppiumDriver.<init>(AppiumDriver.java:101)
at io.appium.java_client.AppiumDriver.<init>(AppiumDriver.java:113)
at io.appium.java_client.android.AndroidDriver.<init>(AndroidDriver.java:109)
at org.mellonStathis.AppiumFramework.BaseTest.configureAppium(BaseTest.java:55)
at java.base/java.util.ArrayList.forEach(ArrayList.java:1596)
Caused by: java.io.UncheckedIOException: java.net.ConnectException
at org.openqa.selenium.remote.http.jdk.JdkHttpClient.execute0(JdkHttpClient.java:497)
at io.appium.java_client.internal.filters.AppiumIdempotencyFilter.lambda$apply$0(AppiumIdempotencyFilter.java:35)
at io.appium.java_client.internal.filters.AppiumUserAgentFilter.lambda$apply$0(AppiumUserAgentFilter.java:87)
at org.openqa.selenium.remote.http.Filter.lambda$andFinally$1(Filter.java:55)
at org.openqa.selenium.remote.http.jdk.JdkHttpClient.lambda$executeAsync$1(JdkHttpClient.java:384)
at java.base/java.util.concurrent.Executors$RunnableAdapter.call(Executors.java:572)
at java.base/java.util.concurrent.FutureTask.run(FutureTask.java:317)
at java.base/java.util.concurrent.ThreadPoolExecutor.runWorker(ThreadPoolExecutor.java:1144)
at java.base/java.util.concurrent.ThreadPoolExecutor$Worker.run(ThreadPoolExecutor.java:642)
at java.base/java.lang.Thread.run(Thread.java:1583)
Caused by: java.net.ConnectException
at java.net.http/jdk.internal.net.http.HttpClientImpl.send(HttpClientImpl.java:955)
at java.net.http/jdk.internal.net.http.HttpClientFacade.send(HttpClientFacade.java:133)
at org.openqa.selenium.remote.http.jdk.JdkHttpClient.execute0(JdkHttpClient.java:456)
... 9 more
Caused by: java.net.ConnectException
at java.net.http/jdk.internal.net.http.common.Utils.toConnectException(Utils.java:1065)
at java.net.http/jdk.internal.net.http.PlainHttpConnection.connectAsync(PlainHttpConnection.java:227)
at java.net.http/jdk.internal.net.http.PlainHttpConnection.checkRetryConnect(PlainHttpConnection.java:280)
at java.net.http/jdk.internal.net.http.PlainHttpConnection.lambda$connectAsync$2(PlainHttpConnection.java:238)
at java.base/java.util.concurrent.CompletableFuture.uniHandle(CompletableFuture.java:934)
at java.base/java.util.concurrent.CompletableFuture$UniHandle.tryFire(CompletableFuture.java:911)
at java.base/java.util.concurrent.CompletableFuture.postComplete(CompletableFuture.java:510)
at java.base/java.util.concurrent.CompletableFuture$AsyncSupply.run(CompletableFuture.java:1773)
... 3 more
Caused by: java.nio.channels.ClosedChannelException
at java.base/sun.nio.ch.SocketChannelImpl.ensureOpen(SocketChannelImpl.java:202)
at java.base/sun.nio.ch.SocketChannelImpl.beginConnect(SocketChannelImpl.java:786)
at java.base/sun.nio.ch.SocketChannelImpl.connect(SocketChannelImpl.java:874)
at java.net.http/jdk.internal.net.http.PlainHttpConnection.lambda$connectAsync$1(PlainHttpConnection.java:210)
at java.base/java.security.AccessController.doPrivileged(AccessController.java:571)
at java.net.http/jdk.internal.net.http.PlainHttpConnection.connectAsync(PlainHttpConnection.java:212)
... 9 more
... Removed 23 stack frames]]>
    </failure>
  </testcase> <!-- @BeforeClass configureAppium -->
  <testcase classname="org.mellonStathis.AppiumFramework.BaseTest" name="@AfterClass closeAppiumServer" time="0.0">
    <skipped/>
  </testcase> <!-- @AfterClass closeAppiumServer -->
  <testcase classname="org.mellonStathis.AppiumFramework.EcommerceSmallTest" name="fillTheFirstPageTest" time="0.0">
    <skipped/>
  </testcase> <!-- fillTheFirstPageTest -->
  <testcase classname="org.mellonStathis.AppiumFramework.EcommerceAppFinalCheck" name="FillForm" time="0.0">
    <skipped/>
  </testcase> <!-- FillForm -->
</testsuite> <!-- Test -->
