<?xml version="1.0" encoding="UTF-8"?>
<!-- Generated by org.testng.reporters.JUnitXMLReporter -->
<testsuite ignored="0" hostname="ITDEPT245N" failures="0" tests="2" name="Default test" time="51.457" errors="0" timestamp="2026-08-19T10:02:04 EEST">
  <testcase classname="org.mellonStathis.testCases.android.EcommerceSmallTest" name="fillTheFirstPageTest" time="20.406"/>
  <testcase classname="org.mellonStathis.testCases.android.EcommerceSmallTest" name="fillTheFirstPageTest" time="16.419"/>
</testsuite> <!-- Default test -->
